[11mei2024 16:25:22.802] [Test worker/DEBUG] [com.replaymod.simplepathing.SPTimelineTest/]: Removing position keyframe at 0
[11mei2024 16:25:22.807] [Test worker/DEBUG] [com.replaymod.simplepathing.SPTimelineTest/]: Adding position keyframe at 0 pos 1.0/2.0/3.0 rot 4.0/5.0/6.0 entId -1
[11mei2024 16:25:22.822] [Test worker/DEBUG] [com.replaymod.simplepathing.SPTimelineTest/]: Adding position keyframe at 1 pos 1.0/2.0/3.0 rot 4.0/5.0/6.0 entId -1
[11mei2024 16:25:22.830] [Test worker/DEBUG] [com.replaymod.simplepathing.SPTimelineTest/]: Adding position keyframe at 2 pos 1.0/2.0/3.0 rot 4.0/5.0/6.0 entId -1
[11mei2024 16:25:22.831] [Test worker/DEBUG] [com.replaymod.simplepathing.SPTimelineTest/]: Adding position keyframe at 3 pos 1.0/2.0/3.0 rot 4.0/5.0/6.0 entId -1
[11mei2024 16:25:22.832] [Test worker/DEBUG] [com.replaymod.simplepathing.SPTimelineTest/]: Adding position keyframe at 4 pos 1.0/2.0/3.0 rot 4.0/5.0/6.0 entId -1
[11mei2024 16:25:22.833] [Test worker/DEBUG] [com.replaymod.simplepathing.SPTimelineTest/]: Adding position keyframe at 0 pos 1.0/2.0/3.0 rot 4.0/5.0/6.0 entId -1
[11mei2024 16:25:22.833] [Test worker/DEBUG] [com.replaymod.simplepathing.SPTimelineTest/]: Adding position keyframe at 1 pos 1.0/2.0/3.0 rot 4.0/5.0/6.0 entId 42
[11mei2024 16:25:22.833] [Test worker/DEBUG] [com.replaymod.simplepathing.SPTimelineTest/]: Adding position keyframe at 2 pos 1.0/2.0/3.0 rot 4.0/5.0/6.0 entId 42
[11mei2024 16:25:22.834] [Test worker/DEBUG] [com.replaymod.simplepathing.SPTimelineTest/]: Adding position keyframe at 3 pos 1.0/2.0/3.0 rot 4.0/5.0/6.0 entId -1
[11mei2024 16:25:22.851] [Test worker/DEBUG] [com.replaymod.simplepathing.SPTimelineTest/]: Adding position keyframe at 4 pos 1.0/2.0/3.0 rot 4.0/5.0/6.0 entId -1
[11mei2024 16:25:22.861] [Test worker/DEBUG] [com.replaymod.simplepathing.SPTimelineTest/]: Adding position keyframe at 0 pos 1.0/2.0/3.0 rot 4.0/5.0/6.0 entId -1
[11mei2024 16:25:22.862] [Test worker/DEBUG] [com.replaymod.simplepathing.SPTimelineTest/]: Adding position keyframe at 1 pos 1.0/2.0/3.0 rot 4.0/5.0/6.0 entId -1
[11mei2024 16:25:22.862] [Test worker/DEBUG] [com.replaymod.simplepathing.SPTimelineTest/]: Setting interpolator of position keyframe at 0 to com.replaymod.replaystudio.pathing.interpolation.LinearInterpolator@53499d85
[11mei2024 16:25:22.863] [Test worker/DEBUG] [com.replaymod.simplepathing.SPTimelineTest/]: Moving keyframe on POSITION from 0 to 2
[11mei2024 16:25:22.865] [Test worker/DEBUG] [com.replaymod.simplepathing.SPTimelineTest/]: Moving keyframe on POSITION from 2 to 0
[11mei2024 16:25:22.866] [Test worker/DEBUG] [com.replaymod.simplepathing.SPTimelineTest/]: Adding position keyframe at 2 pos 1.0/2.0/3.0 rot 4.0/5.0/6.0 entId -1
[11mei2024 16:25:22.867] [Test worker/DEBUG] [com.replaymod.simplepathing.SPTimelineTest/]: Moving keyframe on POSITION from 0 to 3
[11mei2024 16:25:22.867] [Test worker/DEBUG] [com.replaymod.simplepathing.SPTimelineTest/]: Adding time keyframe at 0 time 1
[11mei2024 16:25:22.867] [Test worker/DEBUG] [com.replaymod.simplepathing.SPTimelineTest/]: Setting interpolator of position keyframe at 0 to the default
[11mei2024 16:25:22.867] [Test worker/DEBUG] [com.replaymod.simplepathing.SPTimelineTest/]: Adding time keyframe at 0 time 1
[11mei2024 16:25:22.867] [Test worker/DEBUG] [com.replaymod.simplepathing.SPTimelineTest/]: Updating time keyframe at 0 to time 2
[11mei2024 16:25:22.869] [Test worker/DEBUG] [com.replaymod.simplepathing.SPTimelineTest/]: Adding position keyframe at 0 pos 1.0/2.0/3.0 rot 4.0/5.0/6.0 entId -1
[11mei2024 16:25:22.869] [Test worker/DEBUG] [com.replaymod.simplepathing.SPTimelineTest/]: Adding position keyframe at 1 pos 1.0/2.0/3.0 rot 4.0/5.0/6.0 entId -1
[11mei2024 16:25:22.869] [Test worker/DEBUG] [com.replaymod.simplepathing.SPTimelineTest/]: Adding position keyframe at 2 pos 1.0/2.0/3.0 rot 4.0/5.0/6.0 entId -1
[11mei2024 16:25:22.869] [Test worker/DEBUG] [com.replaymod.simplepathing.SPTimelineTest/]: Adding position keyframe at 3 pos 1.0/2.0/3.0 rot 4.0/5.0/6.0 entId -1
[11mei2024 16:25:22.870] [Test worker/DEBUG] [com.replaymod.simplepathing.SPTimelineTest/]: Removing position keyframe at 1
[11mei2024 16:25:22.870] [Test worker/DEBUG] [com.replaymod.simplepathing.SPTimelineTest/]: Removing position keyframe at 2
[11mei2024 16:25:22.870] [Test worker/DEBUG] [com.replaymod.simplepathing.SPTimelineTest/]: Removing position keyframe at 0
[11mei2024 16:25:22.870] [Test worker/DEBUG] [com.replaymod.simplepathing.SPTimelineTest/]: Removing position keyframe at 3
[11mei2024 16:25:22.870] [Test worker/DEBUG] [com.replaymod.simplepathing.SPTimelineTest/]: Adding position keyframe at 0 pos 1.0/2.0/3.0 rot 4.0/5.0/6.0 entId -1
[11mei2024 16:25:22.870] [Test worker/DEBUG] [com.replaymod.simplepathing.SPTimelineTest/]: Adding position keyframe at 1 pos 1.0/2.0/3.0 rot 4.0/5.0/6.0 entId -1
[11mei2024 16:25:22.870] [Test worker/DEBUG] [com.replaymod.simplepathing.SPTimelineTest/]: Adding position keyframe at 2 pos 1.0/2.0/3.0 rot 4.0/5.0/6.0 entId -1
[11mei2024 16:25:22.870] [Test worker/DEBUG] [com.replaymod.simplepathing.SPTimelineTest/]: Adding position keyframe at 3 pos 1.0/2.0/3.0 rot 4.0/5.0/6.0 entId -1
[11mei2024 16:25:22.872] [Test worker/DEBUG] [com.replaymod.simplepathing.SPTimelineTest/]: Removing position keyframe at 3
[11mei2024 16:25:22.872] [Test worker/DEBUG] [com.replaymod.simplepathing.SPTimelineTest/]: Removing position keyframe at 2
[11mei2024 16:25:22.872] [Test worker/DEBUG] [com.replaymod.simplepathing.SPTimelineTest/]: Removing position keyframe at 1
[11mei2024 16:25:22.872] [Test worker/DEBUG] [com.replaymod.simplepathing.SPTimelineTest/]: Removing position keyframe at 0
[11mei2024 16:25:22.872] [Test worker/DEBUG] [com.replaymod.simplepathing.SPTimelineTest/]: Adding time keyframe at 0 time 1
[11mei2024 16:25:22.873] [Test worker/DEBUG] [com.replaymod.simplepathing.SPTimelineTest/]: Adding position keyframe at 2 pos 1.0/2.0/3.0 rot 4.0/5.0/6.0 entId -1
[11mei2024 16:25:22.873] [Test worker/DEBUG] [com.replaymod.simplepathing.SPTimelineTest/]: Adding position keyframe at 4 pos 1.0/2.0/3.0 rot 4.0/5.0/6.0 entId -1
[11mei2024 16:25:22.873] [Test worker/DEBUG] [com.replaymod.simplepathing.SPTimelineTest/]: Adding position keyframe at 3 pos 1.0/2.0/3.0 rot 4.0/5.0/6.0 entId -1
[11mei2024 16:25:22.873] [Test worker/DEBUG] [com.replaymod.simplepathing.SPTimelineTest/]: Adding position keyframe at 0 pos 1.0/2.0/3.0 rot 4.0/5.0/6.0 entId -1
[11mei2024 16:25:22.874] [Test worker/DEBUG] [com.replaymod.simplepathing.SPTimelineTest/]: Adding position keyframe at 1 pos 1.0/2.0/3.0 rot 4.0/5.0/6.0 entId -1
[11mei2024 16:25:22.874] [Test worker/DEBUG] [com.replaymod.simplepathing.SPTimelineTest/]: Adding position keyframe at 0 pos 1.0/2.0/3.0 rot 4.0/5.0/6.0 entId -1
[11mei2024 16:25:22.874] [Test worker/DEBUG] [com.replaymod.simplepathing.SPTimelineTest/]: Adding position keyframe at 1 pos 1.0/2.0/3.0 rot 4.0/5.0/6.0 entId -1
[11mei2024 16:25:22.875] [Test worker/DEBUG] [com.replaymod.simplepathing.SPTimelineTest/]: Adding position keyframe at 2 pos 1.0/2.0/3.0 rot 4.0/5.0/6.0 entId -1
[11mei2024 16:25:22.875] [Test worker/DEBUG] [com.replaymod.simplepathing.SPTimelineTest/]: Adding position keyframe at 3 pos 1.0/2.0/3.0 rot 4.0/5.0/6.0 entId 42
[11mei2024 16:25:22.875] [Test worker/DEBUG] [com.replaymod.simplepathing.SPTimelineTest/]: Adding position keyframe at 4 pos 1.0/2.0/3.0 rot 4.0/5.0/6.0 entId 42
[11mei2024 16:25:22.875] [Test worker/DEBUG] [com.replaymod.simplepathing.SPTimelineTest/]: Adding position keyframe at 5 pos 1.0/2.0/3.0 rot 4.0/5.0/6.0 entId 42
[11mei2024 16:25:22.876] [Test worker/DEBUG] [com.replaymod.simplepathing.SPTimelineTest/]: Adding position keyframe at 6 pos 1.0/2.0/3.0 rot 4.0/5.0/6.0 entId -1
[11mei2024 16:25:22.876] [Test worker/DEBUG] [com.replaymod.simplepathing.SPTimelineTest/]: Adding position keyframe at 7 pos 1.0/2.0/3.0 rot 4.0/5.0/6.0 entId -1
[11mei2024 16:25:22.876] [Test worker/DEBUG] [com.replaymod.simplepathing.SPTimelineTest/]: Adding position keyframe at 8 pos 1.0/2.0/3.0 rot 4.0/5.0/6.0 entId 42
[11mei2024 16:25:22.876] [Test worker/DEBUG] [com.replaymod.simplepathing.SPTimelineTest/]: Adding position keyframe at 9 pos 1.0/2.0/3.0 rot 4.0/5.0/6.0 entId 42
[11mei2024 16:25:22.877] [Test worker/DEBUG] [com.replaymod.simplepathing.SPTimelineTest/]: Removing position keyframe at 4
[11mei2024 16:25:22.877] [Test worker/DEBUG] [com.replaymod.simplepathing.SPTimelineTest/]: Removing position keyframe at 9
[11mei2024 16:25:22.877] [Test worker/DEBUG] [com.replaymod.simplepathing.SPTimelineTest/]: Removing position keyframe at 6
[11mei2024 16:25:22.879] [Test worker/DEBUG] [com.replaymod.simplepathing.SPTimelineTest/]: Removing position keyframe at 7
[11mei2024 16:25:22.879] [Test worker/DEBUG] [com.replaymod.simplepathing.SPTimelineTest/]: Removing position keyframe at 0
[11mei2024 16:25:22.879] [Test worker/DEBUG] [com.replaymod.simplepathing.SPTimelineTest/]: Removing position keyframe at 1
[11mei2024 16:25:22.879] [Test worker/DEBUG] [com.replaymod.simplepathing.SPTimelineTest/]: Removing position keyframe at 3
[11mei2024 16:25:22.880] [Test worker/DEBUG] [com.replaymod.simplepathing.SPTimelineTest/]: Removing position keyframe at 2
[11mei2024 16:25:22.880] [Test worker/DEBUG] [com.replaymod.simplepathing.SPTimelineTest/]: Removing position keyframe at 5
[11mei2024 16:25:22.880] [Test worker/DEBUG] [com.replaymod.simplepathing.SPTimelineTest/]: Removing position keyframe at 8
[11mei2024 16:25:22.880] [Test worker/DEBUG] [com.replaymod.simplepathing.SPTimelineTest/]: Adding position keyframe at 4 pos 1.0/2.0/3.0 rot 4.0/5.0/6.0 entId -1
[11mei2024 16:25:22.880] [Test worker/DEBUG] [com.replaymod.simplepathing.SPTimelineTest/]: Adding position keyframe at 3 pos 1.0/2.0/3.0 rot 4.0/5.0/6.0 entId -1
[11mei2024 16:25:22.881] [Test worker/DEBUG] [com.replaymod.simplepathing.SPTimelineTest/]: Adding position keyframe at 2 pos 1.0/2.0/3.0 rot 4.0/5.0/6.0 entId -1
[11mei2024 16:25:22.881] [Test worker/DEBUG] [com.replaymod.simplepathing.SPTimelineTest/]: Adding position keyframe at 1 pos 1.0/2.0/3.0 rot 4.0/5.0/6.0 entId -1
[11mei2024 16:25:22.881] [Test worker/DEBUG] [com.replaymod.simplepathing.SPTimelineTest/]: Adding position keyframe at 0 pos 1.0/2.0/3.0 rot 4.0/5.0/6.0 entId -1
[11mei2024 16:25:22.882] [Test worker/DEBUG] [com.replaymod.simplepathing.SPTimelineTest/]: Adding position keyframe at 0 pos 1.0/2.0/3.0 rot 4.0/5.0/6.0 entId 7
[11mei2024 16:25:22.882] [Test worker/DEBUG] [com.replaymod.simplepathing.SPTimelineTest/]: Adding time keyframe at 0 time 1
[11mei2024 16:25:22.883] [Test worker/DEBUG] [com.replaymod.simplepathing.SPTimelineTest/]: Setting interpolator of position keyframe at 0 to com.replaymod.replaystudio.pathing.interpolation.LinearInterpolator@5c1bd44c
[11mei2024 16:25:22.883] [Test worker/DEBUG] [com.replaymod.simplepathing.SPTimelineTest/]: Adding position keyframe at 0 pos 1.0/2.0/3.0 rot 4.0/5.0/6.0 entId -1
[11mei2024 16:25:22.883] [Test worker/DEBUG] [com.replaymod.simplepathing.SPTimelineTest/]: Adding position keyframe at 1 pos 1.0/2.0/3.0 rot 4.0/5.0/6.0 entId 42
[11mei2024 16:25:22.884] [Test worker/DEBUG] [com.replaymod.simplepathing.SPTimelineTest/]: Adding position keyframe at 2 pos 1.0/2.0/3.0 rot 4.0/5.0/6.0 entId 42
[11mei2024 16:25:22.884] [Test worker/DEBUG] [com.replaymod.simplepathing.SPTimelineTest/]: Adding position keyframe at 4 pos 1.0/2.0/3.0 rot 4.0/5.0/6.0 entId -1
[11mei2024 16:25:22.884] [Test worker/DEBUG] [com.replaymod.simplepathing.SPTimelineTest/]: Adding position keyframe at 7 pos 1.0/2.0/3.0 rot 4.0/5.0/6.0 entId -1
[11mei2024 16:25:22.884] [Test worker/DEBUG] [com.replaymod.simplepathing.SPTimelineTest/]: Adding position keyframe at 8 pos 1.0/2.0/3.0 rot 4.0/5.0/6.0 entId -1
[11mei2024 16:25:22.885] [Test worker/DEBUG] [com.replaymod.simplepathing.SPTimelineTest/]: Adding position keyframe at 3 pos 1.0/2.0/3.0 rot 4.0/5.0/6.0 entId 42
[11mei2024 16:25:22.885] [Test worker/DEBUG] [com.replaymod.simplepathing.SPTimelineTest/]: Adding position keyframe at 5 pos 1.0/2.0/3.0 rot 4.0/5.0/6.0 entId 42
[11mei2024 16:25:22.886] [Test worker/DEBUG] [com.replaymod.simplepathing.SPTimelineTest/]: Adding position keyframe at 6 pos 1.0/2.0/3.0 rot 4.0/5.0/6.0 entId 42
[11mei2024 16:25:22.886] [Test worker/DEBUG] [com.replaymod.simplepathing.SPTimelineTest/]: Updating position keyframe at 0 to pos 1.0/2.0/3.0 rot 4.0/5.0/6.0
[11mei2024 16:25:22.886] [Test worker/DEBUG] [com.replaymod.simplepathing.SPTimelineTest/]: Adding position keyframe at 0 pos 1.0/2.0/3.0 rot 4.0/5.0/6.0 entId 7
[11mei2024 16:25:22.886] [Test worker/DEBUG] [com.replaymod.simplepathing.SPTimelineTest/]: Updating position keyframe at 0 to pos 1.0/2.0/3.0 rot 4.0/5.0/6.0
[11mei2024 16:25:22.887] [Test worker/DEBUG] [com.replaymod.simplepathing.SPTimelineTest/]: Adding position keyframe at 0 pos 1.0/2.0/3.0 rot 4.0/5.0/6.0 entId -1
[11mei2024 16:25:22.887] [Test worker/DEBUG] [com.replaymod.simplepathing.SPTimelineTest/]: Adding time keyframe at 0 time 1
[11mei2024 16:25:22.887] [Test worker/DEBUG] [com.replaymod.simplepathing.SPTimelineTest/]: Adding time keyframe at 0 time 1
[11mei2024 16:25:22.887] [Test worker/DEBUG] [com.replaymod.simplepathing.SPTimelineTest/]: Adding position keyframe at 0 pos 1.0/2.0/3.0 rot 4.0/5.0/6.0 entId -1
[11mei2024 16:25:22.888] [Test worker/DEBUG] [com.replaymod.simplepathing.SPTimelineTest/]: Adding position keyframe at 1 pos 1.0/2.0/3.0 rot 4.0/5.0/6.0 entId -1
[11mei2024 16:25:22.888] [Test worker/DEBUG] [com.replaymod.simplepathing.SPTimelineTest/]: Adding position keyframe at 2 pos 1.0/2.0/3.0 rot 4.0/5.0/6.0 entId -1
[11mei2024 16:25:22.888] [Test worker/DEBUG] [com.replaymod.simplepathing.SPTimelineTest/]: Adding position keyframe at 3 pos 1.0/2.0/3.0 rot 4.0/5.0/6.0 entId -1
[11mei2024 16:25:22.889] [Test worker/DEBUG] [com.replaymod.simplepathing.SPTimelineTest/]: Removing position keyframe at 0
[11mei2024 16:25:22.889] [Test worker/DEBUG] [com.replaymod.simplepathing.SPTimelineTest/]: Removing position keyframe at 1
[11mei2024 16:25:22.889] [Test worker/DEBUG] [com.replaymod.simplepathing.SPTimelineTest/]: Removing position keyframe at 2
[11mei2024 16:25:22.889] [Test worker/DEBUG] [com.replaymod.simplepathing.SPTimelineTest/]: Removing position keyframe at 3
[11mei2024 16:25:22.889] [Test worker/DEBUG] [com.replaymod.simplepathing.SPTimelineTest/]: Removing time keyframe at 0
[11mei2024 16:25:22.890] [Test worker/DEBUG] [com.replaymod.simplepathing.SPTimelineTest/]: Updating time keyframe at 0 to time 1
[11mei2024 16:25:22.890] [Test worker/DEBUG] [com.replaymod.simplepathing.SPTimelineTest/]: Adding position keyframe at 0 pos 1.0/2.0/3.0 rot 4.0/5.0/6.0 entId -1
[11mei2024 16:25:22.890] [Test worker/DEBUG] [com.replaymod.simplepathing.SPTimelineTest/]: Adding position keyframe at 1 pos 1.0/2.0/3.0 rot 4.0/5.0/6.0 entId -1
[11mei2024 16:25:22.890] [Test worker/DEBUG] [com.replaymod.simplepathing.SPTimelineTest/]: Adding position keyframe at 2 pos 1.0/2.0/3.0 rot 4.0/5.0/6.0 entId -1
[11mei2024 16:25:22.890] [Test worker/DEBUG] [com.replaymod.simplepathing.SPTimelineTest/]: Setting interpolator of position keyframe at 1 to com.replaymod.replaystudio.pathing.interpolation.LinearInterpolator@27e0f2f5
[11mei2024 16:25:22.891] [Test worker/DEBUG] [com.replaymod.simplepathing.SPTimelineTest/]: Adding position keyframe at 3 pos 1.0/2.0/3.0 rot 4.0/5.0/6.0 entId -1
[11mei2024 16:25:22.891] [Test worker/DEBUG] [com.replaymod.simplepathing.SPTimelineTest/]: Adding position keyframe at 4 pos 1.0/2.0/3.0 rot 4.0/5.0/6.0 entId -1
[11mei2024 16:25:22.892] [Test worker/DEBUG] [com.replaymod.simplepathing.SPTimelineTest/]: Adding position keyframe at 5 pos 1.0/2.0/3.0 rot 4.0/5.0/6.0 entId -1
[11mei2024 16:25:22.892] [Test worker/DEBUG] [com.replaymod.simplepathing.SPTimelineTest/]: Setting interpolator of position keyframe at 3 to com.replaymod.replaystudio.pathing.interpolation.LinearInterpolator@72c927f1
[11mei2024 16:25:22.892] [Test worker/DEBUG] [com.replaymod.simplepathing.SPTimelineTest/]: Removing position keyframe at 2
[11mei2024 16:25:22.893] [Test worker/DEBUG] [com.replaymod.simplepathing.SPTimelineTest/]: Removing position keyframe at 3
[11mei2024 16:25:22.893] [Test worker/DEBUG] [com.replaymod.simplepathing.SPTimelineTest/]: Removing position keyframe at 0
[11mei2024 16:25:22.893] [Test worker/DEBUG] [com.replaymod.simplepathing.SPTimelineTest/]: Removing position keyframe at 1
[11mei2024 16:25:22.893] [Test worker/DEBUG] [com.replaymod.simplepathing.SPTimelineTest/]: Removing position keyframe at 4
[11mei2024 16:25:22.894] [Test worker/DEBUG] [com.replaymod.simplepathing.SPTimelineTest/]: Removing position keyframe at 5
[11mei2024 16:25:22.894] [Test worker/DEBUG] [com.replaymod.simplepathing.SPTimelineTest/]: Adding time keyframe at 0 time 1
[11mei2024 16:25:22.894] [Test worker/DEBUG] [com.replaymod.simplepathing.SPTimelineTest/]: Adding time keyframe at 1 time 1
[11mei2024 16:25:22.894] [Test worker/DEBUG] [com.replaymod.simplepathing.SPTimelineTest/]: Adding time keyframe at 2 time 1
[11mei2024 16:25:22.895] [Test worker/DEBUG] [com.replaymod.simplepathing.SPTimelineTest/]: Adding time keyframe at 3 time 1
[11mei2024 16:25:22.895] [Test worker/DEBUG] [com.replaymod.simplepathing.SPTimelineTest/]: Removing time keyframe at 0
[11mei2024 16:25:22.895] [Test worker/DEBUG] [com.replaymod.simplepathing.SPTimelineTest/]: Removing time keyframe at 1
[11mei2024 16:25:22.895] [Test worker/DEBUG] [com.replaymod.simplepathing.SPTimelineTest/]: Removing time keyframe at 2
[11mei2024 16:25:22.895] [Test worker/DEBUG] [com.replaymod.simplepathing.SPTimelineTest/]: Removing time keyframe at 3
[11mei2024 16:25:22.895] [Test worker/DEBUG] [com.replaymod.simplepathing.SPTimelineTest/]: Adding time keyframe at 0 time 1
[11mei2024 16:25:22.895] [Test worker/DEBUG] [com.replaymod.simplepathing.SPTimelineTest/]: Adding time keyframe at 1 time 1
[11mei2024 16:25:22.896] [Test worker/DEBUG] [com.replaymod.simplepathing.SPTimelineTest/]: Adding time keyframe at 2 time 1
[11mei2024 16:25:22.896] [Test worker/DEBUG] [com.replaymod.simplepathing.SPTimelineTest/]: Adding time keyframe at 3 time 1
[11mei2024 16:25:22.896] [Test worker/DEBUG] [com.replaymod.simplepathing.SPTimelineTest/]: Removing time keyframe at 1
[11mei2024 16:25:22.896] [Test worker/DEBUG] [com.replaymod.simplepathing.SPTimelineTest/]: Removing time keyframe at 2
[11mei2024 16:25:22.896] [Test worker/DEBUG] [com.replaymod.simplepathing.SPTimelineTest/]: Removing time keyframe at 0
[11mei2024 16:25:22.896] [Test worker/DEBUG] [com.replaymod.simplepathing.SPTimelineTest/]: Removing time keyframe at 3
[11mei2024 16:25:22.896] [Test worker/DEBUG] [com.replaymod.simplepathing.SPTimelineTest/]: Adding time keyframe at 0 time 1
[11mei2024 16:25:22.897] [Test worker/DEBUG] [com.replaymod.simplepathing.SPTimelineTest/]: Adding time keyframe at 1 time 1
[11mei2024 16:25:22.897] [Test worker/DEBUG] [com.replaymod.simplepathing.SPTimelineTest/]: Adding time keyframe at 2 time 1
[11mei2024 16:25:22.897] [Test worker/DEBUG] [com.replaymod.simplepathing.SPTimelineTest/]: Adding time keyframe at 3 time 1
[11mei2024 16:25:22.897] [Test worker/DEBUG] [com.replaymod.simplepathing.SPTimelineTest/]: Removing time keyframe at 3
[11mei2024 16:25:22.897] [Test worker/DEBUG] [com.replaymod.simplepathing.SPTimelineTest/]: Removing time keyframe at 2
[11mei2024 16:25:22.897] [Test worker/DEBUG] [com.replaymod.simplepathing.SPTimelineTest/]: Removing time keyframe at 1
[11mei2024 16:25:22.897] [Test worker/DEBUG] [com.replaymod.simplepathing.SPTimelineTest/]: Removing time keyframe at 0
[11mei2024 16:25:22.897] [Test worker/DEBUG] [com.replaymod.simplepathing.SPTimelineTest/]: Adding time keyframe at 2 time 1
[11mei2024 16:25:22.898] [Test worker/DEBUG] [com.replaymod.simplepathing.SPTimelineTest/]: Adding time keyframe at 4 time 1
[11mei2024 16:25:22.898] [Test worker/DEBUG] [com.replaymod.simplepathing.SPTimelineTest/]: Adding time keyframe at 3 time 1
[11mei2024 16:25:22.898] [Test worker/DEBUG] [com.replaymod.simplepathing.SPTimelineTest/]: Adding time keyframe at 0 time 1
[11mei2024 16:25:22.898] [Test worker/DEBUG] [com.replaymod.simplepathing.SPTimelineTest/]: Adding time keyframe at 1 time 1
[11mei2024 16:25:22.899] [Test worker/DEBUG] [com.replaymod.simplepathing.SPTimelineTest/]: Adding position keyframe at 0 pos 1.0/2.0/3.0 rot 4.0/5.0/6.0 entId -1
[11mei2024 16:25:22.899] [Test worker/DEBUG] [com.replaymod.simplepathing.SPTimelineTest/]: Removing position keyframe at 0
[11mei2024 16:25:22.899] [Test worker/DEBUG] [com.replaymod.simplepathing.SPTimelineTest/]: Adding position keyframe at 1 pos 1.0/2.0/3.0 rot 4.0/5.0/6.0 entId -1
[11mei2024 16:25:22.899] [Test worker/DEBUG] [com.replaymod.simplepathing.SPTimelineTest/]: Adding position keyframe at 3 pos 1.0/2.0/3.0 rot 4.0/5.0/6.0 entId -1
[11mei2024 16:25:22.899] [Test worker/DEBUG] [com.replaymod.simplepathing.SPTimelineTest/]: Adding position keyframe at 5 pos 1.0/2.0/3.0 rot 4.0/5.0/6.0 entId -1
[11mei2024 16:25:22.899] [Test worker/DEBUG] [com.replaymod.simplepathing.SPTimelineTest/]: Adding position keyframe at 7 pos 1.0/2.0/3.0 rot 4.0/5.0/6.0 entId -1
[11mei2024 16:25:22.900] [Test worker/DEBUG] [com.replaymod.simplepathing.SPTimelineTest/]: Adding position keyframe at 9 pos 1.0/2.0/3.0 rot 4.0/5.0/6.0 entId 42
[11mei2024 16:25:22.900] [Test worker/DEBUG] [com.replaymod.simplepathing.SPTimelineTest/]: Adding position keyframe at 11 pos 1.0/2.0/3.0 rot 4.0/5.0/6.0 entId 42
[11mei2024 16:25:22.900] [Test worker/DEBUG] [com.replaymod.simplepathing.SPTimelineTest/]: Adding position keyframe at 13 pos 1.0/2.0/3.0 rot 4.0/5.0/6.0 entId 42
[11mei2024 16:25:22.900] [Test worker/DEBUG] [com.replaymod.simplepathing.SPTimelineTest/]: Adding position keyframe at 15 pos 1.0/2.0/3.0 rot 4.0/5.0/6.0 entId -1
[11mei2024 16:25:22.900] [Test worker/DEBUG] [com.replaymod.simplepathing.SPTimelineTest/]: Adding position keyframe at 17 pos 1.0/2.0/3.0 rot 4.0/5.0/6.0 entId -1
[11mei2024 16:25:22.902] [Test worker/DEBUG] [com.replaymod.simplepathing.SPTimelineTest/]: Adding position keyframe at 19 pos 1.0/2.0/3.0 rot 4.0/5.0/6.0 entId -1
[11mei2024 16:25:22.902] [Test worker/DEBUG] [com.replaymod.simplepathing.SPTimelineTest/]: Setting interpolator of position keyframe at 3 to com.replaymod.replaystudio.pathing.interpolation.LinearInterpolator@42257bdd
[11mei2024 16:25:22.903] [Test worker/DEBUG] [com.replaymod.simplepathing.SPTimelineTest/]: Setting interpolator of position keyframe at 5 to com.replaymod.replaystudio.pathing.interpolation.LinearInterpolator@4b629f13
[11mei2024 16:25:22.903] [Test worker/DEBUG] [com.replaymod.simplepathing.SPTimelineTest/]: Moving keyframe on POSITION from 5 to 0
[11mei2024 16:25:22.904] [Test worker/DEBUG] [com.replaymod.simplepathing.SPTimelineTest/]: Moving keyframe on POSITION from 0 to 5
[11mei2024 16:25:22.905] [Test worker/DEBUG] [com.replaymod.simplepathing.SPTimelineTest/]: Moving keyframe on POSITION from 3 to 12
[11mei2024 16:25:22.905] [Test worker/DEBUG] [com.replaymod.simplepathing.SPTimelineTest/]: Moving keyframe on POSITION from 12 to 3
[11mei2024 16:25:22.906] [Test worker/DEBUG] [com.replaymod.simplepathing.SPTimelineTest/]: Moving keyframe on POSITION from 7 to 14
[11mei2024 16:25:22.906] [Test worker/DEBUG] [com.replaymod.simplepathing.SPTimelineTest/]: Moving keyframe on POSITION from 14 to 20
[11mei2024 16:25:22.907] [Test worker/DEBUG] [com.replaymod.simplepathing.SPTimelineTest/]: Adding time keyframe at 4 time 1
[11mei2024 16:25:22.907] [Test worker/DEBUG] [com.replaymod.simplepathing.SPTimelineTest/]: Adding time keyframe at 3 time 1
[11mei2024 16:25:22.907] [Test worker/DEBUG] [com.replaymod.simplepathing.SPTimelineTest/]: Adding time keyframe at 2 time 1
[11mei2024 16:25:22.907] [Test worker/DEBUG] [com.replaymod.simplepathing.SPTimelineTest/]: Adding time keyframe at 1 time 1
[11mei2024 16:25:22.907] [Test worker/DEBUG] [com.replaymod.simplepathing.SPTimelineTest/]: Adding time keyframe at 0 time 1
[11mei2024 16:25:22.908] [Test worker/DEBUG] [com.replaymod.simplepathing.SPTimelineTest/]: Adding position keyframe at 0 pos 1.0/2.0/3.0 rot 4.0/5.0/6.0 entId -1
[11mei2024 16:25:22.908] [Test worker/DEBUG] [com.replaymod.simplepathing.SPTimelineTest/]: Updating position keyframe at 0 to pos 7.0/8.0/9.0 rot 10.0/11.0/12.0
[11mei2024 16:25:22.908] [Test worker/DEBUG] [com.replaymod.simplepathing.SPTimelineTest/]: Adding time keyframe at 0 time 0
[11mei2024 16:25:22.908] [Test worker/DEBUG] [com.replaymod.simplepathing.SPTimelineTest/]: Adding time keyframe at 9 time 9
[11mei2024 16:25:22.908] [Test worker/DEBUG] [com.replaymod.simplepathing.SPTimelineTest/]: Adding position keyframe at 4 pos 1.0/2.0/3.0 rot 4.0/5.0/6.0 entId 1
[11mei2024 16:25:22.908] [Test worker/DEBUG] [com.replaymod.simplepathing.SPTimelineTest/]: Adding position keyframe at 6 pos 1.0/2.0/3.0 rot 4.0/5.0/6.0 entId 42
[11mei2024 16:25:22.909] [Test worker/DEBUG] [com.replaymod.simplepathing.SPTimelineTest/]: Adding position keyframe at 8 pos 1.0/2.0/3.0 rot 4.0/5.0/6.0 entId 42
[11mei2024 16:25:22.909] [Test worker/DEBUG] [com.replaymod.simplepathing.SPTimelineTest/]: Adding position keyframe at 10 pos 1.0/2.0/3.0 rot 4.0/5.0/6.0 entId 42
[11mei2024 16:25:22.909] [Test worker/DEBUG] [com.replaymod.simplepathing.SPTimelineTest/]: Adding time keyframe at 0 time 1
[11mei2024 16:25:22.909] [Test worker/DEBUG] [com.replaymod.simplepathing.SPTimelineTest/]: Removing time keyframe at 0
[11mei2024 16:25:22.909] [Test worker/DEBUG] [com.replaymod.simplepathing.SPTimelineTest/]: Adding position keyframe at 0 pos 1.0/2.0/3.0 rot 4.0/5.0/6.0 entId -1
[11mei2024 16:25:22.909] [Test worker/DEBUG] [com.replaymod.simplepathing.SPTimelineTest/]: Adding position keyframe at 0 pos 1.0/2.0/3.0 rot 4.0/5.0/6.0 entId -1
[11mei2024 16:25:22.910] [Test worker/DEBUG] [com.replaymod.simplepathing.SPTimelineTest/]: Adding time keyframe at 0 time 1
[11mei2024 16:25:22.910] [Test worker/DEBUG] [com.replaymod.simplepathing.SPTimelineTest/]: Adding time keyframe at 1 time 1
[11mei2024 16:25:22.910] [Test worker/DEBUG] [com.replaymod.simplepathing.SPTimelineTest/]: Adding time keyframe at 2 time 1
[11mei2024 16:25:22.910] [Test worker/DEBUG] [com.replaymod.simplepathing.SPTimelineTest/]: Adding time keyframe at 3 time 1
[11mei2024 16:25:22.910] [Test worker/DEBUG] [com.replaymod.simplepathing.SPTimelineTest/]: Adding time keyframe at 4 time 1
[11mei2024 16:25:22.911] [Test worker/DEBUG] [com.replaymod.simplepathing.SPTimelineTest/]: Adding position keyframe at 0 pos 1.0/2.0/3.0 rot 4.0/5.0/6.0 entId -1
[11mei2024 16:25:22.911] [Test worker/DEBUG] [com.replaymod.simplepathing.SPTimelineTest/]: Adding position keyframe at 1 pos 1.0/2.0/3.0 rot 4.0/5.0/6.0 entId -1
